#-----------------------------------------------------------
# Vivado v2018.2 (64-bit)
# SW Build 2258646 on Thu Jun 14 20:02:38 MDT 2018
# IP Build 2256618 on Thu Jun 14 22:10:49 MDT 2018
# Start of session at: Tue Feb  4 10:05:47 2025
# Process ID: 21455
# Current directory: /nfs/home/a/ac_pate/COEN316/lab1
# Command line: vivado
# Log file: /nfs/home/a/ac_pate/COEN316/lab1/vivado.log
# Journal file: /nfs/home/a/ac_pate/COEN316/lab1/vivado.jou
#-----------------------------------------------------------
start_gui
create_project lab1 /nfs/home/a/ac_pate/COEN316/lab1/lab1 -part xc7a100tcsg324-1
INFO: [IP_Flow 19-234] Refreshing IP repositories
INFO: [IP_Flow 19-1704] No user IP repositories specified
INFO: [IP_Flow 19-2313] Loaded Vivado IP repository '/CMC/tools/xilinx/Vivado_2018.2/Vivado/2018.2/data/ip'.
create_project: Time (s): cpu = 00:00:10 ; elapsed = 00:00:08 . Memory (MB): peak = 6305.324 ; gain = 73.223 ; free physical = 10204 ; free virtual = 22384
set_property target_language VHDL [current_project]
add_files -norecurse /nfs/home/a/ac_pate/COEN316/lab1/alu_board.vhd
import_files -force -norecurse
INFO: [filemgmt 20-348] Importing the appropriate files for fileset: 'sources_1'
import_files -fileset constrs_1 -force -norecurse /nfs/home/a/ac_pate/COEN316/lab1/master.xdc
update_compile_order -fileset sources_1
launch_runs synth_1 -jobs 2
[Tue Feb  4 10:08:45 2025] Launched synth_1...
Run output will be captured here: /nfs/home/a/ac_pate/COEN316/lab1/lab1/lab1.runs/synth_1/runme.log
launch_runs impl_1 -jobs 2
[Tue Feb  4 10:10:04 2025] Launched impl_1...
Run output will be captured here: /nfs/home/a/ac_pate/COEN316/lab1/lab1/lab1.runs/impl_1/runme.log
launch_runs impl_1 -to_step write_bitstream -jobs 2
[Tue Feb  4 10:12:15 2025] Launched impl_1...
Run output will be captured here: /nfs/home/a/ac_pate/COEN316/lab1/lab1/lab1.runs/impl_1/runme.log
reset_run impl_1 -prev_step 
launch_runs impl_1 -to_step write_bitstream -jobs 2
[Tue Feb  4 10:18:28 2025] Launched impl_1...
Run output will be captured here: /nfs/home/a/ac_pate/COEN316/lab1/lab1/lab1.runs/impl_1/runme.log
reset_run synth_1
launch_runs synth_1 -jobs 2
[Tue Feb  4 10:26:03 2025] Launched synth_1...
Run output will be captured here: /nfs/home/a/ac_pate/COEN316/lab1/lab1/lab1.runs/synth_1/runme.log
launch_runs impl_1 -jobs 2
[Tue Feb  4 10:27:16 2025] Launched impl_1...
Run output will be captured here: /nfs/home/a/ac_pate/COEN316/lab1/lab1/lab1.runs/impl_1/runme.log
launch_runs impl_1 -to_step write_bitstream -jobs 2
[Tue Feb  4 10:29:23 2025] Launched impl_1...
Run output will be captured here: /nfs/home/a/ac_pate/COEN316/lab1/lab1/lab1.runs/impl_1/runme.log
reset_run synth_1
launch_runs impl_1 -jobs 2
[Tue Feb  4 10:34:57 2025] Launched synth_1...
Run output will be captured here: /nfs/home/a/ac_pate/COEN316/lab1/lab1/lab1.runs/synth_1/runme.log
[Tue Feb  4 10:34:57 2025] Launched impl_1...
Run output will be captured here: /nfs/home/a/ac_pate/COEN316/lab1/lab1/lab1.runs/impl_1/runme.log
launch_runs impl_1 -to_step write_bitstream -jobs 2
[Tue Feb  4 10:38:05 2025] Launched impl_1...
Run output will be captured here: /nfs/home/a/ac_pate/COEN316/lab1/lab1/lab1.runs/impl_1/runme.log
open_run impl_1
INFO: [Netlist 29-17] Analyzing 13 Unisim elements for replacement
INFO: [Netlist 29-28] Unisim Transformation completed in 0 CPU seconds
INFO: [Project 1-479] Netlist was created with Vivado 2018.2
INFO: [Device 21-403] Loading part xc7a100tcsg324-1
INFO: [Project 1-570] Preparing netlist for logic optimization
INFO: [Timing 38-478] Restoring timing data from binary archive.
INFO: [Timing 38-479] Binary timing data restore complete.
INFO: [Project 1-856] Restoring constraints from binary archive.
INFO: [Project 1-853] Binary constraint restore complete.
Reading XDEF placement.
Reading placer database...
Reading XDEF routing.
Read XDEF File: Time (s): cpu = 00:00:00.02 ; elapsed = 00:00:00.01 . Memory (MB): peak = 7072.023 ; gain = 0.000 ; free physical = 9288 ; free virtual = 21572
Restored from archive | CPU: 0.020000 secs | Memory: 0.052811 MB |
Finished XDEF File Restore: Time (s): cpu = 00:00:00.02 ; elapsed = 00:00:00.01 . Memory (MB): peak = 7072.023 ; gain = 0.000 ; free physical = 9288 ; free virtual = 21572
INFO: [Project 1-111] Unisim Transformation Summary:
No Unisim elements were transformed.

open_run: Time (s): cpu = 00:00:22 ; elapsed = 00:01:12 . Memory (MB): peak = 7220.309 ; gain = 827.121 ; free physical = 9200 ; free virtual = 21485
WARNING: [Timing 38-313] There are no user specified timing constraints. Timing constraints are needed for proper timing analysis.
reset_run synth_1
launch_runs impl_1 -jobs 2
[Tue Feb  4 10:42:56 2025] Launched synth_1...
Run output will be captured here: /nfs/home/a/ac_pate/COEN316/lab1/lab1/lab1.runs/synth_1/runme.log
[Tue Feb  4 10:42:56 2025] Launched impl_1...
Run output will be captured here: /nfs/home/a/ac_pate/COEN316/lab1/lab1/lab1.runs/impl_1/runme.log
launch_runs impl_1 -to_step write_bitstream -jobs 2
[Tue Feb  4 10:46:03 2025] Launched impl_1...
Run output will be captured here: /nfs/home/a/ac_pate/COEN316/lab1/lab1/lab1.runs/impl_1/runme.log
open_hw
connect_hw_server
INFO: [Labtools 27-2285] Connecting to hw_server url TCP:localhost:3121
INFO: [Labtools 27-2222] Launching hw_server...
INFO: [Labtools 27-2221] Launch Output:

****** Xilinx hw_server v2018.2
  **** Build date : Jun 14 2018-20:18:37
    ** Copyright 1986-2018 Xilinx, Inc. All Rights Reserved.


open_hw_target
INFO: [Labtoolstcl 44-466] Opening hw_target localhost:3121/xilinx_tcf/Digilent/210292ABF6FCA
set_property PROGRAM.FILE {/nfs/home/a/ac_pate/COEN316/lab1/lab1/lab1.runs/impl_1/alu.bit} [get_hw_devices xc7a100t_0]
current_hw_device [get_hw_devices xc7a100t_0]
refresh_hw_device -update_hw_probes false [lindex [get_hw_devices xc7a100t_0] 0]
INFO: [Labtools 27-1435] Device xc7a100t (JTAG device index = 0) is not programmed (DONE status = 0).
set_property PROBES.FILE {} [get_hw_devices xc7a100t_0]
set_property FULL_PROBES.FILE {} [get_hw_devices xc7a100t_0]
set_property PROGRAM.FILE {/nfs/home/a/ac_pate/COEN316/lab1/lab1/lab1.runs/impl_1/alu.bit} [get_hw_devices xc7a100t_0]
program_hw_devices [get_hw_devices xc7a100t_0]
INFO: [Labtools 27-3164] End of startup status: HIGH
refresh_hw_device [lindex [get_hw_devices xc7a100t_0] 0]
INFO: [Labtools 27-1434] Device xc7a100t (JTAG device index = 0) is programmed with a design that has no supported debug core(s) in it.
WARNING: [Labtools 27-3361] The debug hub core was not detected.
Resolution: 
1. Make sure the clock connected to the debug hub (dbg_hub) core is a free running clock and is active.
2. Make sure the BSCAN_SWITCH_USER_MASK device property in Vivado Hardware Manager reflects the user scan chain setting in the design and refresh the device.  To determine the user scan chain setting in the design, open the implemented design and use 'get_property C_USER_SCAN_CHAIN [get_debug_cores dbg_hub]'.
For more details on setting the scan chain property, consult the Vivado Debug and Programming User Guide (UG908).
reset_run synth_1
launch_runs impl_1 -jobs 2
[Tue Feb  4 11:09:01 2025] Launched synth_1...
Run output will be captured here: /nfs/home/a/ac_pate/COEN316/lab1/lab1/lab1.runs/synth_1/runme.log
[Tue Feb  4 11:09:01 2025] Launched impl_1...
Run output will be captured here: /nfs/home/a/ac_pate/COEN316/lab1/lab1/lab1.runs/impl_1/runme.log
launch_runs impl_1 -to_step write_bitstream -jobs 2
[Tue Feb  4 11:12:25 2025] Launched impl_1...
Run output will be captured here: /nfs/home/a/ac_pate/COEN316/lab1/lab1/lab1.runs/impl_1/runme.log
set_property PROBES.FILE {} [get_hw_devices xc7a100t_0]
set_property FULL_PROBES.FILE {} [get_hw_devices xc7a100t_0]
set_property PROGRAM.FILE {/nfs/home/a/ac_pate/COEN316/lab1/lab1/lab1.runs/impl_1/alu.bit} [get_hw_devices xc7a100t_0]
program_hw_devices [get_hw_devices xc7a100t_0]
INFO: [Labtools 27-3164] End of startup status: HIGH
refresh_hw_device [lindex [get_hw_devices xc7a100t_0] 0]
INFO: [Labtools 27-1434] Device xc7a100t (JTAG device index = 0) is programmed with a design that has no supported debug core(s) in it.
WARNING: [Labtools 27-3361] The debug hub core was not detected.
Resolution: 
1. Make sure the clock connected to the debug hub (dbg_hub) core is a free running clock and is active.
2. Make sure the BSCAN_SWITCH_USER_MASK device property in Vivado Hardware Manager reflects the user scan chain setting in the design and refresh the device.  To determine the user scan chain setting in the design, open the implemented design and use 'get_property C_USER_SCAN_CHAIN [get_debug_cores dbg_hub]'.
For more details on setting the scan chain property, consult the Vivado Debug and Programming User Guide (UG908).
synth_design -rtl -name rtl_1
Command: synth_design -rtl -name rtl_1
Starting synth_design
Using part: xc7a100tcsg324-1
Top: alu
---------------------------------------------------------------------------------
Starting RTL Elaboration : Time (s): cpu = 00:00:01 ; elapsed = 00:00:03 . Memory (MB): peak = 7844.633 ; gain = 73.992 ; free physical = 8510 ; free virtual = 20825
---------------------------------------------------------------------------------
INFO: [Synth 8-638] synthesizing module 'alu' [/nfs/home/a/ac_pate/COEN316/lab1/lab1/lab1.srcs/sources_1/imports/lab1/alu_board.vhd:21]
WARNING: [Synth 8-614] signal 'x' is read in the process but is not in the sensitivity list [/nfs/home/a/ac_pate/COEN316/lab1/lab1/lab1.srcs/sources_1/imports/lab1/alu_board.vhd:76]
WARNING: [Synth 8-614] signal 'y' is read in the process but is not in the sensitivity list [/nfs/home/a/ac_pate/COEN316/lab1/lab1/lab1.srcs/sources_1/imports/lab1/alu_board.vhd:76]
WARNING: [Synth 8-3936] Found unconnected internal register 'output_reg' and it is trimmed from '32' to '4' bits. [/nfs/home/a/ac_pate/COEN316/lab1/lab1/lab1.srcs/sources_1/imports/lab1/alu_board.vhd:57]
WARNING: [Synth 8-3936] Found unconnected internal register 'logic_out_reg' and it is trimmed from '32' to '4' bits. [/nfs/home/a/ac_pate/COEN316/lab1/lab1/lab1.srcs/sources_1/imports/lab1/alu_board.vhd:46]
INFO: [Synth 8-256] done synthesizing module 'alu' (1#1) [/nfs/home/a/ac_pate/COEN316/lab1/lab1/lab1.srcs/sources_1/imports/lab1/alu_board.vhd:21]
---------------------------------------------------------------------------------
Finished RTL Elaboration : Time (s): cpu = 00:00:02 ; elapsed = 00:00:03 . Memory (MB): peak = 7874.898 ; gain = 104.258 ; free physical = 8531 ; free virtual = 20846
---------------------------------------------------------------------------------

Report Check Netlist: 
+------+------------------+-------+---------+-------+------------------+
|      |Item              |Errors |Warnings |Status |Description       |
+------+------------------+-------+---------+-------+------------------+
|1     |multi_driven_nets |      0|        0|Passed |Multi driven nets |
+------+------------------+-------+---------+-------+------------------+
---------------------------------------------------------------------------------
Start Handling Custom Attributes
---------------------------------------------------------------------------------
---------------------------------------------------------------------------------
Finished Handling Custom Attributes : Time (s): cpu = 00:00:02 ; elapsed = 00:00:04 . Memory (MB): peak = 7874.898 ; gain = 104.258 ; free physical = 8530 ; free virtual = 20845
---------------------------------------------------------------------------------
---------------------------------------------------------------------------------
Finished RTL Optimization Phase 1 : Time (s): cpu = 00:00:02 ; elapsed = 00:00:04 . Memory (MB): peak = 7874.898 ; gain = 104.258 ; free physical = 8530 ; free virtual = 20845
---------------------------------------------------------------------------------
INFO: [Project 1-570] Preparing netlist for logic optimization

Processing XDC Constraints
Initializing timing engine
Parsing XDC File [/nfs/home/a/ac_pate/COEN316/lab1/lab1/lab1.srcs/constrs_1/imports/lab1/master.xdc]
Finished Parsing XDC File [/nfs/home/a/ac_pate/COEN316/lab1/lab1/lab1.srcs/constrs_1/imports/lab1/master.xdc]
Completed Processing XDC Constraints

INFO: [Opt 31-138] Pushed 0 inverter(s) to 0 load pin(s).
INFO: [Project 1-111] Unisim Transformation Summary:
No Unisim elements were transformed.

RTL Elaboration Complete:  : Time (s): cpu = 00:00:07 ; elapsed = 00:00:05 . Memory (MB): peak = 8056.480 ; gain = 285.840 ; free physical = 8421 ; free virtual = 20736
5 Infos, 4 Warnings, 0 Critical Warnings and 0 Errors encountered.
synth_design completed successfully
synth_design: Time (s): cpu = 00:00:07 ; elapsed = 00:00:05 . Memory (MB): peak = 8056.480 ; gain = 285.840 ; free physical = 8421 ; free virtual = 20736
reset_run synth_1
launch_runs impl_1 -jobs 2
[Tue Feb  4 11:18:15 2025] Launched synth_1...
Run output will be captured here: /nfs/home/a/ac_pate/COEN316/lab1/lab1/lab1.runs/synth_1/runme.log
[Tue Feb  4 11:18:15 2025] Launched impl_1...
Run output will be captured here: /nfs/home/a/ac_pate/COEN316/lab1/lab1/lab1.runs/impl_1/runme.log
ERROR: [Labtoolstcl 44-513] HW Target shutdown. Closing target: localhost:3121/xilinx_tcf/Digilent/210292ABF6FCA
